[    0.000000] Linux version 4.15.0-66-generic (buildd@lgw01-amd64-044) (gcc version 7.4.0 (Ubuntu 7.4.0-1ubuntu1~18.04.1)) #75-Ubuntu SMP Tue Oct 1 05:24:09 UTC 2019 (Ubuntu 4.15.0-66.75-generic 4.15.18)
[    0.000000] Command line: BOOT_IMAGE=/boot/vmlinuz-4.15.0-66-generic root=LABEL=cloudimg-rootfs ro console=tty1 console=ttyS0
[    0.000000] KERNEL supported cpus:
[    0.000000]   Intel GenuineIntel
[    0.000000]   AMD AuthenticAMD
[    0.000000]   Centaur CentaurHauls
[    0.000000] x86/fpu: Supporting XSAVE feature 0x001: 'x87 floating point registers'
[    0.000000] x86/fpu: Supporting XSAVE feature 0x002: 'SSE registers'
[    0.000000] x86/fpu: Supporting XSAVE feature 0x004: 'AVX registers'
[    0.000000] x86/fpu: xstate_offset[2]:  576, xstate_sizes[2]:  256
[    0.000000] x86/fpu: Enabled xstate features 0x7, context size is 832 bytes, using 'standard' format.
[    0.000000] e820: BIOS-provided physical RAM map:
[    0.000000] BIOS-e820: [mem 0x0000000000000000-0x000000000009fbff] usable
[    0.000000] BIOS-e820: [mem 0x000000000009fc00-0x000000000009ffff] reserved
[    0.000000] BIOS-e820: [mem 0x00000000000f0000-0x00000000000fffff] reserved
[    0.000000] BIOS-e820: [mem 0x0000000000100000-0x000000003ffeffff] usable
[    0.000000] BIOS-e820: [mem 0x000000003fff0000-0x000000003fffffff] ACPI data
[    0.000000] BIOS-e820: [mem 0x00000000fec00000-0x00000000fec00fff] reserved
[    0.000000] BIOS-e820: [mem 0x00000000fee00000-0x00000000fee00fff] reserved
[    0.000000] BIOS-e820: [mem 0x00000000fffc0000-0x00000000ffffffff] reserved
[    0.000000] NX (Execute Disable) protection: active
[    0.000000] SMBIOS 2.5 present.
[    0.000000] DMI: innotek GmbH VirtualBox/VirtualBox, BIOS VirtualBox 12/01/2006
[    0.000000] Hypervisor detected: KVM
[    0.000000] e820: last_pfn = 0x3fff0 max_arch_pfn = 0x400000000
[    0.000000] MTRR: Disabled
[    0.000000] x86/PAT: MTRRs disabled, skipping PAT initialization too.
[    0.000000] CPU MTRRs all blank - virtualized system.
[    0.000000] x86/PAT: Configuration [0-7]: WB  WT  UC- UC  WB  WT  UC- UC  
[    0.000000] found SMP MP-table at [mem 0x0009fff0-0x0009ffff]
[    0.000000] Scanning 1 areas for low memory corruption
[    0.000000] RAMDISK: [mem 0x35a8b000-0x36d3cfff]
[    0.000000] ACPI: Early table checksum verification disabled
[    0.000000] ACPI: RSDP 0x00000000000E0000 000024 (v02 VBOX  )
[    0.000000] ACPI: XSDT 0x000000003FFF0030 00003C (v01 VBOX   VBOXXSDT 00000001 ASL  00000061)
[    0.000000] ACPI: FACP 0x000000003FFF00F0 0000F4 (v04 VBOX   VBOXFACP 00000001 ASL  00000061)
[    0.000000] ACPI: DSDT 0x000000003FFF0470 0022EA (v02 VBOX   VBOXBIOS 00000002 INTL 20100528)
[    0.000000] ACPI: FACS 0x000000003FFF0200 000040
[    0.000000] ACPI: FACS 0x000000003FFF0200 000040
[    0.000000] ACPI: APIC 0x000000003FFF0240 00005C (v02 VBOX   VBOXAPIC 00000001 ASL  00000061)
[    0.000000] ACPI: SSDT 0x000000003FFF02A0 0001CC (v01 VBOX   VBOXCPUT 00000002 INTL 20100528)
[    0.000000] No NUMA configuration found
[    0.000000] Faking a node at [mem 0x0000000000000000-0x000000003ffeffff]
[    0.000000] NODE_DATA(0) allocated [mem 0x3ffc5000-0x3ffeffff]
[    0.000000] kvm-clock: cpu 0, msr 0:3ff44001, primary cpu clock
[    0.000000] kvm-clock: Using msrs 4b564d01 and 4b564d00
[    0.000000] kvm-clock: using sched offset of 14923836144 cycles
[    0.000000] clocksource: kvm-clock: mask: 0xffffffffffffffff max_cycles: 0x1cd42e4dffb, max_idle_ns: 881590591483 ns
[    0.000000] Zone ranges:
[    0.000000]   DMA      [mem 0x0000000000001000-0x0000000000ffffff]
[    0.000000]   DMA32    [mem 0x0000000001000000-0x000000003ffeffff]
[    0.000000]   Normal   empty
[    0.000000]   Device   empty
[    0.000000] Movable zone start for each node
[    0.000000] Early memory node ranges
[    0.000000]   node   0: [mem 0x0000000000001000-0x000000000009efff]
[    0.000000]   node   0: [mem 0x0000000000100000-0x000000003ffeffff]
[    0.000000] Reserved but unavailable: 98 pages
[    0.000000] Initmem setup node 0 [mem 0x0000000000001000-0x000000003ffeffff]
[    0.000000] ACPI: PM-Timer IO Port: 0x4008
[    0.000000] IOAPIC[0]: apic_id 2, version 32, address 0xfec00000, GSI 0-23
[    0.000000] ACPI: INT_SRC_OVR (bus 0 bus_irq 0 global_irq 2 dfl dfl)
[    0.000000] ACPI: INT_SRC_OVR (bus 0 bus_irq 9 global_irq 9 low level)
[    0.000000] Using ACPI (MADT) for SMP configuration information
[    0.000000] smpboot: Allowing 2 CPUs, 0 hotplug CPUs
[    0.000000] PM: Registered nosave memory: [mem 0x00000000-0x00000fff]
[    0.000000] PM: Registered nosave memory: [mem 0x0009f000-0x0009ffff]
[    0.000000] PM: Registered nosave memory: [mem 0x000a0000-0x000effff]
[    0.000000] PM: Registered nosave memory: [mem 0x000f0000-0x000fffff]
[    0.000000] e820: [mem 0x40000000-0xfebfffff] available for PCI devices
[    0.000000] Booting paravirtualized kernel on KVM
[    0.000000] clocksource: refined-jiffies: mask: 0xffffffff max_cycles: 0xffffffff, max_idle_ns: 7645519600211568 ns
[    0.000000] random: get_random_bytes called from start_kernel+0x99/0x4fd with crng_init=0
[    0.000000] setup_percpu: NR_CPUS:8192 nr_cpumask_bits:2 nr_cpu_ids:2 nr_node_ids:1
[    0.000000] percpu: Embedded 46 pages/cpu s151552 r8192 d28672 u1048576
[    0.000000] PV qspinlock hash table entries: 256 (order: 0, 4096 bytes)
[    0.000000] Built 1 zonelists, mobility grouping on.  Total pages: 257913
[    0.000000] Policy zone: DMA32
[    0.000000] Kernel command line: BOOT_IMAGE=/boot/vmlinuz-4.15.0-66-generic root=LABEL=cloudimg-rootfs ro console=tty1 console=ttyS0
[    0.000000] Memory: 983436K/1048120K available (12300K kernel code, 2481K rwdata, 4260K rodata, 2436K init, 2388K bss, 64684K reserved, 0K cma-reserved)
[    0.000000] SLUB: HWalign=64, Order=0-3, MinObjects=0, CPUs=2, Nodes=1
[    0.000000] Kernel/User page tables isolation: enabled
[    0.000000] ftrace: allocating 39306 entries in 154 pages
[    0.004000] Hierarchical RCU implementation.
[    0.004000] 	RCU restricting CPUs from NR_CPUS=8192 to nr_cpu_ids=2.
[    0.004000] 	Tasks RCU enabled.
[    0.004000] RCU: Adjusting geometry for rcu_fanout_leaf=16, nr_cpu_ids=2
[    0.004000] NR_IRQS: 524544, nr_irqs: 440, preallocated irqs: 16
[    0.004000] Console: colour VGA+ 80x25
[    0.004000] console [tty1] enabled
[    0.004000] console [ttyS0] enabled
[    0.004000] ACPI: Core revision 20170831
[    0.004000] ACPI: 2 ACPI AML tables successfully acquired and loaded
[    0.004000] APIC: Switch to symmetric I/O mode setup
[    0.009328] x2apic enabled
[    0.012023] Switched APIC routing to physical x2apic.
[    0.026905] ..TIMER: vector=0x30 apic1=0 pin1=2 apic2=-1 pin2=-1
[    0.028017] tsc: Detected 1896.002 MHz processor
[    0.036024] Calibrating delay loop (skipped) preset value.. 3792.00 BogoMIPS (lpj=7584008)
[    0.040019] pid_max: default: 32768 minimum: 301
[    0.044149] Security Framework initialized
[    0.048018] Yama: becoming mindful.
[    0.052104] AppArmor: AppArmor initialized
[    0.060173] Dentry cache hash table entries: 131072 (order: 8, 1048576 bytes)
[    0.064253] Inode-cache hash table entries: 65536 (order: 7, 524288 bytes)
[    0.068073] Mount-cache hash table entries: 2048 (order: 2, 16384 bytes)
[    0.072043] Mountpoint-cache hash table entries: 2048 (order: 2, 16384 bytes)
[    0.077127] Last level iTLB entries: 4KB 64, 2MB 8, 4MB 8
[    0.080018] Last level dTLB entries: 4KB 64, 2MB 0, 4MB 0, 1GB 4
[    0.084017] Spectre V1 : Mitigation: usercopy/swapgs barriers and __user pointer sanitization
[    0.088018] Spectre V2 : Mitigation: Full generic retpoline
[    0.092015] Spectre V2 : Spectre v2 / SpectreRSB mitigation: Filling RSB on context switch
[    0.096016] Speculative Store Bypass: Vulnerable
[    0.100175] MDS: Vulnerable: Clear CPU buffers attempted, no microcode
[    0.104932] Freeing SMP alternatives memory: 36K
[    0.228012] APIC calibration not consistent with PM-Timer: 103ms instead of 100ms
[    0.232000] APIC delta adjusted to PM-Timer: 6192831 (6389021)
[    0.232351] smpboot: CPU0: Intel(R) Core(TM) i5-8350U CPU @ 1.70GHz (family: 0x6, model: 0x8e, stepping: 0xa)
[    0.236345] Performance Events: unsupported p6 CPU model 142 no PMU driver, software events only.
[    0.240171] Hierarchical SRCU implementation.
[    0.248148] NMI watchdog: Perf event create on CPU 0 failed with -2
[    0.252014] NMI watchdog: Perf NMI watchdog permanently disabled
[    0.256257] smp: Bringing up secondary CPUs ...
[    0.260464] x86: Booting SMP configuration:
[    0.264018] .... node  #0, CPUs:      #1
[    0.004000] kvm-clock: cpu 1, msr 0:3ff44041, secondary cpu clock
[    0.280026] smp: Brought up 1 node, 2 CPUs
[    0.284028] smpboot: Max logical packages: 1
[    0.288021] smpboot: Total of 2 processors activated (7584.00 BogoMIPS)
[    0.300032] devtmpfs: initialized
[    0.304271] x86/mm: Memory block size: 128MB
[    0.308756] evm: security.selinux
[    0.312018] evm: security.SMACK64
[    0.316015] evm: security.SMACK64EXEC
[    0.320018] evm: security.SMACK64TRANSMUTE
[    0.324015] evm: security.SMACK64MMAP
[    0.328017] evm: security.apparmor
[    0.331077] evm: security.ima
[    0.332014] evm: security.capability
[    0.340060] clocksource: jiffies: mask: 0xffffffff max_cycles: 0xffffffff, max_idle_ns: 7645041785100000 ns
[    0.344042] futex hash table entries: 512 (order: 3, 32768 bytes)
[    0.352124] pinctrl core: initialized pinctrl subsystem
[    0.360481] RTC time:  4:11:12, date: 01/24/20
[    0.368354] NET: Registered protocol family 16
[    0.372347] audit: initializing netlink subsys (disabled)
[    0.376144] audit: type=2000 audit(1579839087.490:1): state=initialized audit_enabled=0 res=1
[    0.384035] cpuidle: using governor ladder
[    0.388045] cpuidle: using governor menu
[    0.392175] ACPI: bus type PCI registered
[    0.396020] acpiphp: ACPI Hot Plug PCI Controller Driver version: 0.5
[    0.400493] PCI: Using configuration type 1 for base access
[    0.416181] HugeTLB registered 2.00 MiB page size, pre-allocated 0 pages
[    0.424356] ACPI: Added _OSI(Module Device)
[    0.428022] ACPI: Added _OSI(Processor Device)
[    0.436019] ACPI: Added _OSI(3.0 _SCP Extensions)
[    0.440019] ACPI: Added _OSI(Processor Aggregator Device)
[    0.448022] ACPI: Added _OSI(Linux-Dell-Video)
[    0.460020] ACPI: Added _OSI(Linux-Lenovo-NV-HDMI-Audio)
[    0.468023] ACPI: Added _OSI(Linux-HPI-Hybrid-Graphics)
[    0.473454] ACPI: Executed 1 blocks of module-level executable AML code
[    0.512878] ACPI: Interpreter enabled
[    0.520076] ACPI: (supports S0 S5)
[    0.528017] ACPI: Using IOAPIC for interrupt routing
[    0.532624] PCI: Using host bridge windows from ACPI; if necessary, use "pci=nocrs" and report a bug
[    0.544771] ACPI: Enabled 2 GPEs in block 00 to 07
[    0.608176] ACPI: PCI Root Bridge [PCI0] (domain 0000 [bus 00-ff])
[    0.616046] acpi PNP0A03:00: _OSC: OS supports [ASPM ClockPM Segments MSI]
[    0.632441] acpi PNP0A03:00: _OSC: not requesting OS control; OS requires [ExtendedConfig ASPM ClockPM MSI]
[    0.644072] acpi PNP0A03:00: fail to add MMCONFIG information, can't access extended PCI configuration space under this bridge.
[    0.656979] PCI host bridge to bus 0000:00
[    0.660024] pci_bus 0000:00: root bus resource [io  0x0000-0x0cf7 window]
[    0.664025] pci_bus 0000:00: root bus resource [io  0x0d00-0xffff window]
[    0.672024] pci_bus 0000:00: root bus resource [mem 0x000a0000-0x000bffff window]
[    0.680034] pci_bus 0000:00: root bus resource [mem 0x40000000-0xfdffffff window]
[    0.688025] pci_bus 0000:00: root bus resource [bus 00-ff]
[    0.701126] pci 0000:00:01.1: legacy IDE quirk: reg 0x10: [io  0x01f0-0x01f7]
[    0.720026] pci 0000:00:01.1: legacy IDE quirk: reg 0x14: [io  0x03f6]
[    0.732024] pci 0000:00:01.1: legacy IDE quirk: reg 0x18: [io  0x0170-0x0177]
[    0.740023] pci 0000:00:01.1: legacy IDE quirk: reg 0x1c: [io  0x0376]
[    0.865225] pci 0000:00:07.0: quirk: [io  0x4000-0x403f] claimed by PIIX4 ACPI
[    0.872151] pci 0000:00:07.0: quirk: [io  0x4100-0x410f] claimed by PIIX4 SMB
[    0.969703] ACPI: PCI Interrupt Link [LNKA] (IRQs 5 9 10 *11)
[    0.981080] ACPI: PCI Interrupt Link [LNKB] (IRQs 5 9 *10 11)
[    0.988630] ACPI: PCI Interrupt Link [LNKC] (IRQs 5 *9 10 11)
[    1.000648] ACPI: PCI Interrupt Link [LNKD] (IRQs 5 9 10 *11)
[    1.005873] SCSI subsystem initialized
[    1.012337] pci 0000:00:02.0: vgaarb: setting as boot VGA device
[    1.016000] pci 0000:00:02.0: vgaarb: VGA device added: decodes=io+mem,owns=io+mem,locks=none
[    1.060033] pci 0000:00:02.0: vgaarb: bridge control possible
[    1.072025] vgaarb: loaded
[    1.076131] ACPI: bus type USB registered
[    1.080141] usbcore: registered new interface driver usbfs
[    1.088072] usbcore: registered new interface driver hub
[    1.088102] usbcore: registered new device driver usb
[    1.108106] EDAC MC: Ver: 3.0.0
[    1.116198] PCI: Using ACPI for IRQ routing
[    1.120903] NetLabel: Initializing
[    1.124017] NetLabel:  domain hash size = 128
[    1.128021] NetLabel:  protocols = UNLABELED CIPSOv4 CALIPSO
[    1.132100] NetLabel:  unlabeled traffic allowed by default
[    1.144037] clocksource: Switched to clocksource kvm-clock
[    1.349255] VFS: Disk quotas dquot_6.6.0
[    1.353011] VFS: Dquot-cache hash table entries: 512 (order 0, 4096 bytes)
[    1.370167] AppArmor: AppArmor Filesystem Enabled
[    1.383516] pnp: PnP ACPI init
[    1.402191] pnp: PnP ACPI: found 3 devices
[    1.479898] clocksource: acpi_pm: mask: 0xffffff max_cycles: 0xffffff, max_idle_ns: 2085701024 ns
[    1.507043] NET: Registered protocol family 2
[    1.511562] TCP established hash table entries: 8192 (order: 4, 65536 bytes)
[    1.517223] TCP bind hash table entries: 8192 (order: 5, 131072 bytes)
[    1.551372] TCP: Hash tables configured (established 8192 bind 8192)
[    1.583276] UDP hash table entries: 512 (order: 2, 16384 bytes)
[    1.594454] UDP-Lite hash table entries: 512 (order: 2, 16384 bytes)
[    1.600759] NET: Registered protocol family 1
[    1.604492] pci 0000:00:00.0: Limiting direct PCI/PCI transfers
[    1.613281] pci 0000:00:01.0: Activating ISA DMA hang workarounds
[    1.622707] pci 0000:00:02.0: Video device with shadowed ROM at [mem 0x000c0000-0x000dffff]
[    1.637324] Unpacking initramfs...
[    3.990537] Freeing initrd memory: 19144K
[    3.994904] clocksource: tsc: mask: 0xffffffffffffffff max_cycles: 0x36a8d617cd5, max_idle_ns: 881590553509 ns
[    4.016799] platform rtc_cmos: registered platform RTC device (no PNP device found)
[    4.033472] Scanning for low memory corruption every 60 seconds
[    4.056109] Initialise system trusted keyrings
[    4.062051] Key type blacklist registered
[    4.089540] workingset: timestamp_bits=36 max_order=18 bucket_order=0
[    4.105904] zbud: loaded
[    4.118291] squashfs: version 4.0 (2009/01/31) Phillip Lougher
[    4.128497] fuse init (API version 7.26)
[    4.171614] Key type asymmetric registered
[    4.175959] Asymmetric key parser 'x509' registered
[    4.180536] Block layer SCSI generic (bsg) driver version 0.4 loaded (major 246)
[    4.187426] io scheduler noop registered
[    4.190838] io scheduler deadline registered
[    4.195014] io scheduler cfq registered (default)
[    4.205710] ACPI: AC Adapter [AC] (on-line)
[    4.212718] input: Power Button as /devices/LNXSYSTM:00/LNXPWRBN:00/input/input0
[    4.219913] ACPI: Power Button [PWRF]
[    4.224374] input: Sleep Button as /devices/LNXSYSTM:00/LNXSLPBN:00/input/input1
[    4.231221] ACPI: Sleep Button [SLPF]
[    4.238682] Serial: 8250/16550 driver, 32 ports, IRQ sharing enabled
[    4.245841] ACPI: Battery Slot [BAT0] (battery present)
[    4.293500] 00:02: ttyS0 at I/O 0x3f8 (irq = 4, base_baud = 115200) is a 16550A
[    4.358222] Linux agpgart interface v0.103
[    4.379176] loop: module loaded
[    4.386615] scsi host0: ata_piix
[    4.393538] scsi host1: ata_piix
[    4.400835] ata1: PATA max UDMA/33 cmd 0x1f0 ctl 0x3f6 bmdma 0xd000 irq 14
[    4.407331] ata2: PATA max UDMA/33 cmd 0x170 ctl 0x376 bmdma 0xd008 irq 15
[    4.426895] libphy: Fixed MDIO Bus: probed
[    4.436049] tun: Universal TUN/TAP device driver, 1.6
[    4.445122] PPP generic driver version 2.4.2
[    4.474419] ehci_hcd: USB 2.0 'Enhanced' Host Controller (EHCI) Driver
[    4.503589] ehci-pci: EHCI PCI platform driver
[    4.509046] ehci-platform: EHCI generic platform driver
[    4.550649] ohci_hcd: USB 1.1 'Open' Host Controller (OHCI) Driver
[    4.562330] ohci-pci: OHCI PCI platform driver
[    4.570882] ohci-platform: OHCI generic platform driver
[    4.577213] uhci_hcd: USB Universal Host Controller Interface driver
[    4.582833] i8042: PNP: PS/2 Controller [PNP0303:PS2K,PNP0f03:PS2M] at 0x60,0x64 irq 1,12
[    4.595303] serio: i8042 KBD port at 0x60,0x64 irq 1
[    4.601313] serio: i8042 AUX port at 0x60,0x64 irq 12
[    4.617295] mousedev: PS/2 mouse device common for all mice
[    4.625523] rtc_cmos rtc_cmos: rtc core: registered rtc_cmos as rtc0
[    4.636398] rtc_cmos rtc_cmos: alarms up to one day, 114 bytes nvram
[    4.650969] i2c /dev entries driver
[    4.655881] device-mapper: uevent: version 1.0.3
[    4.666748] input: AT Translated Set 2 keyboard as /devices/platform/i8042/serio0/input/input2
[    4.667920] device-mapper: ioctl: 4.37.0-ioctl (2017-09-20) initialised: dm-devel@redhat.com
[    4.722395] ledtrig-cpu: registered to indicate activity on CPUs
[    4.730447] NET: Registered protocol family 10
[    4.762963] Segment Routing with IPv6
[    4.767034] NET: Registered protocol family 17
[    4.792873] Key type dns_resolver registered
[    4.800280] mce: Using 0 MCE banks
[    4.803607] RAS: Correctable Errors collector initialized.
[    4.809972] sched_clock: Marking stable (4809827437, 0)->(6894869347, -2085041910)
[    4.820562] registered taskstats version 1
[    4.823950] Loading compiled-in X.509 certificates
[    4.856002] Loaded X.509 cert 'Build time autogenerated kernel key: 01a66adcc10ca4ce7676a3458c33483b0e2b806e'
[    4.866233] zswap: loaded using pool lzo/zbud
[    4.892914] Key type big_key registered
[    4.897132] Key type trusted registered
[    4.954357] Key type encrypted registered
[    4.958541] AppArmor: AppArmor sha1 policy hashing enabled
[    4.965661] ima: No TPM chip found, activating TPM-bypass! (rc=-19)
[    4.971159] ima: Allocated hash algorithm: sha1
[    5.001379] evm: HMAC attrs: 0x1
[    5.006102]   Magic number: 4:809:161
[    5.012337] rtc_cmos rtc_cmos: setting system clock to 2020-01-24 04:11:17 UTC (1579839077)
[    5.023756] BIOS EDD facility v0.16 2004-Jun-25, 0 devices found
[    5.029921] EDD information not available.
[    5.049600] Freeing unused kernel image memory: 2436K
[    5.076391] Write protecting the kernel read-only data: 20480k
[    5.100945] Freeing unused kernel image memory: 2008K
[    5.121168] Freeing unused kernel image memory: 1884K
[    5.238665] x86/mm: Checked W+X mappings: passed, no W+X pages found.
[    5.252880] x86/mm: Checking user space page tables
[    5.329666] x86/mm: Checked W+X mappings: passed, no W+X pages found.
Loading, please wait...
starting version 237
[    6.015849] e1000: Intel(R) PRO/1000 Network Driver - version 7.3.21-k8-NAPI
[    6.026948] e1000: Copyright (c) 1999-2006 Intel Corporation.
[    6.070622] Fusion MPT base driver 3.04.20
[    6.085148] Copyright (c) 1999-2008 LSI Corporation
[    6.262191] Fusion MPT SPI Host driver 3.04.20
[    6.311278] input: ImExPS/2 Generic Explorer Mouse as /devices/platform/i8042/serio1/input/input4
[    6.458560] AVX2 version of gcm_enc/dec engaged.
[    6.464548] AES CTR mode by8 optimization enabled
[    8.090056] e1000 0000:00:03.0 eth0: (PCI:33MHz:32-bit) 02:7c:06:17:a1:8b
[    8.096661] e1000 0000:00:03.0 eth0: Intel(R) PRO/1000 Network Connection
[    8.135104] mptbase: ioc0: Initiating bringup
[    8.633115] ioc0: LSI53C1030 A0: Capabilities={Initiator}
[   10.616184] scsi host2: ioc0: LSI53C1030 A0, FwRev=00000000h, Ports=1, MaxQ=256, IRQ=20
[   11.042659] scsi 2:0:0:0: Direct-Access     VBOX     HARDDISK         1.0  PQ: 0 ANSI: 5
[   11.088505] scsi target2:0:0: Beginning Domain Validation
[   11.106380] random: fast init done
[   11.111158] scsi target2:0:0: Domain Validation skipping write tests
[   11.141556] scsi target2:0:0: Ending Domain Validation
[   11.148998] scsi target2:0:0: asynchronous
[   11.158105] scsi 2:0:1:0: Direct-Access     VBOX     HARDDISK         1.0  PQ: 0 ANSI: 5
[   11.616080] scsi target2:0:1: Beginning Domain Validation
[   11.627926] scsi target2:0:1: Domain Validation skipping write tests
[   11.641343] scsi target2:0:1: Ending Domain Validation
[   11.681416] scsi target2:0:1: asynchronous
[   11.730134] sd 2:0:0:0: Attached scsi generic sg0 type 0
[   11.742070] random: systemd-udevd: uninitialized urandom read (16 bytes read)
[   11.779633] sd 2:0:1:0: Attached scsi generic sg1 type 0
[   11.800892] sd 2:0:1:0: [sdb] 20480 512-byte logical blocks: (10.5 MB/10.0 MiB)
[   11.843539] sd 2:0:1:0: [sdb] Write Protect is off
[   11.866655] random: systemd-udevd: uninitialized urandom read (16 bytes read)
[   11.880796] sd 2:0:0:0: [sda] 20971520 512-byte logical blocks: (10.7 GB/10.0 GiB)
[   11.888564] sd 2:0:0:0: [sda] Write Protect is off
[   11.895932] sd 2:0:1:0: [sdb] Incomplete mode parameter data
[   11.920694] sd 2:0:1:0: [sdb] Assuming drive cache: write through
[   11.946929] random: systemd-udevd: uninitialized urandom read (16 bytes read)
[   11.984736] sd 2:0:0:0: [sda] Incomplete mode parameter data
[   12.034908] sd 2:0:0:0: [sda] Assuming drive cache: write through
[   12.089372]  sda: sda1
[   12.106230] sd 2:0:1:0: [sdb] Attached SCSI disk
[   12.115550] sd 2:0:0:0: [sda] Attached SCSI disk
[   12.838854] e1000 0000:00:08.0 eth1: (PCI:33MHz:32-bit) 08:00:27:48:42:27
[   12.846970] e1000 0000:00:08.0 eth1: Intel(R) PRO/1000 Network Connection
[   12.868901] e1000 0000:00:08.0 enp0s8: renamed from eth1
[   12.916625] e1000 0000:00:03.0 enp0s3: renamed from eth0
Begin: Loading essential drivers ... [   19.592495] raid6: sse2x1   gen()  1267 MB/s
[   19.648666] raid6: sse2x1   xor()   930 MB/s
[   19.712207] raid6: sse2x2   gen()   909 MB/s
[   19.761100] raid6: sse2x2   xor()   501 MB/s
[   19.816088] raid6: sse2x4   gen()   702 MB/s
[   19.868180] raid6: sse2x4   xor()  1237 MB/s
[   19.929050] raid6: avx2x1   gen()  1790 MB/s
[   19.980228] raid6: avx2x1   xor()  1429 MB/s
[   20.032416] raid6: avx2x2   gen()  3870 MB/s
[   20.085919] raid6: avx2x2   xor()  1121 MB/s
[   20.140441] raid6: avx2x4   gen()  2746 MB/s
[   20.195631] raid6: avx2x4   xor()  1030 MB/s
[   20.207141] raid6: using algorithm avx2x2 gen() 3870 MB/s
[   20.219536] raid6: .... xor() 1121 MB/s, rmw enabled
[   20.224526] raid6: using avx2x2 recovery algorithm
[   20.299159] xor: automatically using best checksumming function   avx       
[   20.317020] async_tx: api initialized (async)
done.
Begin: Running /scripts/init-premount ... done.
Begin: Mounting root file system ... Begin: Running /scripts/local-top ... done.
Begin: Running /scripts/local-premount ... [   20.806670] Btrfs loaded, crc32c=crc32c-intel
Scanning for Btrfs filesystems
done.
Warning: fsck not present, so skipping root file system
[   21.099705] EXT4-fs (sda1): mounted filesystem with ordered data mode. Opts: (null)
done.
Begin: Running /scripts/local-bottom ... done.
Begin: Running /scripts/init-bottom ... done.
[   22.244801] ip_tables: (C) 2000-2006 Netfilter Core Team
[   22.353570] systemd[1]: systemd 237 running in system mode. (+PAM +AUDIT +SELINUX +IMA +APPARMOR +SMACK +SYSVINIT +UTMP +LIBCRYPTSETUP +GCRYPT +GNUTLS +ACL +XZ +LZ4 +SECCOMP +BLKID +ELFUTILS +KMOD -IDN2 +IDN -PCRE2 default-hierarchy=hybrid)
[   22.399109] systemd[1]: Detected virtualization oracle.
[   22.413256] systemd[1]: Detected architecture x86-64.

Welcome to [1mUbuntu 18.04.3 LTS[0m!

[   22.570968] systemd[1]: Set hostname to <ubuntu>.
[   22.628370] systemd[1]: Initializing machine ID from random generator.
[   22.645151] systemd[1]: Installed transient /etc/machine-id file.
[   23.024798] random: crng init done
[   23.030130] random: 7 urandom warning(s) missed due to ratelimiting
[   24.916978] systemd[1]: Created slice System Slice.
[[0;32m  OK  [0m] Created slice System Slice.
[   24.939152] systemd[1]: Created slice system-serial\x2dgetty.slice.
[[0;32m  OK  [0m] Created slice system-serial\x2dgetty.slice.
[   25.014190] systemd[1]: Listening on Journal Audit Socket.
[[0;32m  OK  [0m] Listening on Journal Audit Socket.
[   25.067363] systemd[1]: Set up automount Arbitrary Executable File Formats File System Automount Point.
[[0;32m  OK  [0m] Set up automount Arbitrary Executab…rmats File System Automount Point.
[[0;32m  OK  [0m] Listening on /dev/initctl Compatibility Named Pipe.
[[0;32m  OK  [0m] Listening on udev Control Socket.
[[0;32m  OK  [0m] Reached target System Time Synchronized.
[[0;32m  OK  [0m] Reached target User and Group Name Lookups.
[[0;32m  OK  [0m] Listening on Network Service Netlink Socket.
[[0;32m  OK  [0m] Started Forward Password Requests to Wall Directory Watch.
[[0;32m  OK  [0m] Listening on udev Kernel Socket.
[[0;32m  OK  [0m] Listening on Journal Socket.
         Starting Create list of required st…ce nodes for the current kernel...
         Mounting POSIX Message Queue File System...
         Mounting Huge Pages File System...
         Mounting Kernel Debug File System...
         Starting udev Coldplug all Devices...
         Starting Uncomplicated firewall...
         Starting Remount Root and Kernel File Systems...
         Starting Load Kernel Modules...
[[0;32m  OK  [0m] Listening on Journal Socket (/dev/log).
[[0;32m  OK  [0m] Listening on LVM2 poll daemon socket.
[   25.680318] EXT4-fs (sda1): re-mounted. Opts: (null)
[[0;32m  OK  [0m] Created slice User and Session Slice.
[[0;32m  OK  [0m] Reached target Slices.
         Starting Set the console keyboard layout...
[[0;32m  OK  [0m] Listening on LVM2 metadata daemon socket.
[[0;32m  OK  [0m] Listening on Device-mapper event daemon FIFOs.
         Starting Monitoring of LVM2 mirrors…ng dmeventd or progress polling...
[[0;32m  OK  [0m] Listening on Syslog Socket.
[   25.884314] Loading iSCSI transport class v2.0-870.
         Starting Journal Service...
[[0;32m  OK  [0m] Reached target Swap.
[[0;32m  OK  [0m] Started Create list of required sta…vice nodes for the current kernel.
[[0;32m  OK  [0m] Mounted POSIX Message Queue File System.
[[0;32m  OK  [0m] Mounted Huge Pages File System.
[[0;32m  OK  [0m] Mounted Kernel Debug File System.
[[0;32m  OK  [0m] Started Uncomplicated firewall.
[[0;32m  OK  [0m] Started Remount Root and Kernel File Systems.
         Starting Load/Save Random Seed...
         Starting Create Static Device Nodes in /dev...
[   26.499800] iscsi: registered transport (tcp)
[[0;32m  OK  [0m] Started Load/Save Random Seed.
[[0;32m  OK  [0m] Started Create Static Device Nodes in /dev.
         Starting udev Kernel Device Manager...
[[0;32m  OK  [0m] Started LVM2 metadata daemon.
[   27.501903] systemd[1]: Started Monitoring of LVM2 mirrors, snapshots etc. using dmeventd or progress polling.
[[0;32m  OK  [0m] Started Monitoring of LVM2 mirrors,…sing dmeventd or progress polling.
[   27.720193] systemd[1]: Started udev Coldplug all Devices.
[[0;32m  OK  [0m] Started udev Coldplug all Devices.
[   27.798080] iscsi: registered transport (iser)
[   27.910326] systemd[1]: Started Load Kernel Modules.
[[0;32m  OK  [0m] Started Load Kernel Modules.
[   28.075102] systemd[1]: Mounting Kernel Configuration File System...
         Mounting Kernel Configuration File System...
[   28.096135] systemd[1]: Starting Apply Kernel Variables...
         Starting Apply Kernel Variables...
[   28.112537] systemd[1]: Mounting FUSE Control File System...
         Mounting FUSE Control File System...
[   28.178909] systemd[1]: Started Journal Service.
[[0;32m  OK  [0m] Started Journal Service.
[[0;32m  OK  [0m] Mounted Kernel Configuration File System.
[[0;32m  OK  [0m] Mounted FUSE Control File System.
         Starting Flush Journal to Persistent Storage...
[[0;32m  OK  [0m] Started Apply Kernel Variables.
[[0;32m  OK  [0m] Started udev Kernel Device Manager.
[[0;32m  OK  [0m] Started Flush Journal to Persistent Storage.
[[0m[0;31m*     [0m] (1 of 2) A start job is running for dev-ttyS0.device (9s / 1min 30s)[K[[0;1;31m*[0m[0;31m*    [0m] (1 of 2) A start job is running for dev-ttyS0.device (9s / 1min 30s)[K[[0;31m*[0;1;31m*[0m[0;31m*   [0m] (1 of 2) A start job is running for dev-ttyS0.device (10s / 1min 30s)[K[[0;32m  OK  [0m] Found device /dev/ttyS0.
[[0;32m  OK  [0m] Listening on Load/Save RF Kill Switch Status /dev/rfkill Watch.
[[0;32m  OK  [0m] Started Set the console keyboard layout.
[[0;32m  OK  [0m] Reached target Local File Systems (Pre).
[[0;32m  OK  [0m] Reached target Local File Systems.
         Starting Commit a transient machine-id on disk...
         Starting Create Volatile Files and Directories...
         Starting Set console font and keymap...
         Starting AppArmor initialization...
         Starting Tell Plymouth To Write Out Runtime Data...
         Starting ebtables ruleset management...
[[0;32m  OK  [0m] Started Dispatch Password Requests to Console Directory Watch.
[[0;32m  OK  [0m] Reached target Local Encrypted Volumes.
[[0;32m  OK  [0m] Started Set console font and keymap.
[[0;32m  OK  [0m] Started Tell Plymouth To Write Out Runtime Data.
[[0;32m  OK  [0m] Started Commit a transient machine-id on disk.
[[0;32m  OK  [0m] Started Create Volatile Files and Directories.
         Starting Update UTMP about System Boot/Shutdown...
[[0;32m  OK  [0m] Started Update UTMP about System Boot/Shutdown.
[[0;32m  OK  [0m] Started ebtables ruleset management.
[ [0;31m*[0;1;31m*[0m[0;31m*  [0m] A start job is running for AppArmor initialization (21s / no limit)[K[  [0;31m*[0;1;31m*[0m[0;31m* [0m] A start job is running for AppArmor initialization (21s / no limit)[K[   [0;31m*[0;1;31m*[0m[0;31m*[0m] A start job is running for AppArmor initialization (22s / no limit)[K[    [0;31m*[0;1;31m*[0m] A start job is running for AppArmor initialization (22s / no limit)[K[     [0;31m*[0m] A start job is running for AppArmor initialization (23s / no limit)[K[    [0;31m*[0;1;31m*[0m] A start job is running for AppArmor initialization (23s / no limit)[K[   [0;31m*[0;1;31m*[0m[0;31m*[0m] A start job is running for AppArmor initialization (24s / no limit)[K[  [0;31m*[0;1;31m*[0m[0;31m* [0m] A start job is running for AppArmor initialization (24s / no limit)[K[ [0;31m*[0;1;31m*[0m[0;31m*  [0m] A start job is running for AppArmor initialization (25s / no limit)[K[[0;31m*[0;1;31m*[0m[0;31m*   [0m] A start job is running for AppArmor initialization (25s / no limit)[K[[0;1;31m*[0m[0;31m*    [0m] A start job is running for AppArmor initialization (26s / no limit)[K[[0m[0;31m*     [0m] A start job is running for AppArmor initialization (26s / no limit)[K[[0;32m  OK  [0m] Started AppArmor initialization.
         Starting Initial cloud-init job (pre-networking)...
[   65.854988] cloud-init[577]: Cloud-init v. 19.2-36-g059d049c-0ubuntu2~18.04.1 running 'init-local' at Fri, 24 Jan 2020 04:12:13 +0000. Up 60.53 seconds.
[[0;32m  OK  [0m] Started Initial cloud-init job (pre-networking).
[[0;32m  OK  [0m] Reached target Network (Pre).
         Starting Network Service...
[[0;32m  OK  [0m] Started Network Service.
         Starting Network Name Resolution...
         Starting Wait for Network to be Configured...
[[0;32m  OK  [0m] Started Network Name Resolution.
[[0;32m  OK  [0m] Reached target Host and Network Name Lookups.
[[0;32m  OK  [0m] Reached target Network.
[[0;32m  OK  [0m] Started Wait for Network to be Configured.
         Starting Initial cloud-init job (metadata service crawler)...
[   76.713460] cloud-init[678]: Cloud-init v. 19.2-36-g059d049c-0ubuntu2~18.04.1 running 'init' at Fri, 24 Jan 2020 04:12:26 +0000. Up 73.96 seconds.
[   76.730118] cloud-init[678]: ci-info: ++++++++++++++++++++++++++++++++++++++Net device info++++++++++++++++++++++++++++++++++++++
[   76.750952] cloud-init[678]: ci-info: +--------+-------+---------------------------+---------------+--------+-------------------+
[   76.764637] cloud-init[678]: ci-info: | Device |   Up  |          Address          |      Mask     | Scope  |     Hw-Address    |
[   76.784892] cloud-init[678]: ci-info: +--------+-------+---------------------------+---------------+--------+-------------------+
[   76.794032] cloud-init[678]: ci-info: | enp0s3 |  True |         10.0.2.15         | 255.255.255.0 | global | 02:7c:06:17:a1:8b |
[   76.821914] cloud-init[678]: ci-info: | enp0s3 |  True | fe80::7c:6ff:fe17:a18b/64 |       .       |  link  | 02:7c:06:17:a1:8b |
[   76.834876] cloud-init[678]: ci-info: | enp0s8 | False |             .             |       .       |   .    | 08:00:27:48:42:27 |
[   76.855064] cloud-init[678]: ci-info: |   lo   |  True |         127.0.0.1         |   255.0.0.0   |  host  |         .         |
[   76.882741] cloud-init[678]: ci-info: |   lo   |  True |          ::1/128          |       .       |  host  |         .         |
[   76.897356] cloud-init[678]: ci-info: +--------+-------+---------------------------+---------------+--------+-------------------+
[   76.904153] cloud-init[678]: ci-info: ++++++++++++++++++++++++++++Route IPv4 info+++++++++++++++++++++++++++++
[   76.915359] cloud-init[678]: ci-info: +-------+-------------+----------+-----------------+-----------+-------+
[   76.948032] cloud-init[678]: ci-info: | Route | Destination | Gateway  |     Genmask     | Interface | Flags |
[   76.959108] cloud-init[678]: ci-info: +-------+-------------+----------+-----------------+-----------+-------+
[   76.970476] cloud-init[678]: ci-info: |   0   |   0.0.0.0   | 10.0.2.2 |     0.0.0.0     |   enp0s3  |   UG  |
[   76.978589] cloud-init[678]: ci-info: |   1   |   10.0.2.0  | 0.0.0.0  |  255.255.255.0  |   enp0s3  |   U   |
[   76.984573] cloud-init[678]: ci-info: |   2   |   10.0.2.2  | 0.0.0.0  | 255.255.255.255 |   enp0s3  |   UH  |
[   77.004812] cloud-init[678]: ci-info: +-------+-------------+----------+-----------------+-----------+-------+
[   77.032571] cloud-init[678]: ci-info: +++++++++++++++++++Route IPv6 info+++++++++++++++++++
[   77.069268] cloud-init[678]: ci-info: +-------+-------------+---------+-----------+-------+
[   77.093625] cloud-init[678]: ci-info: | Route | Destination | Gateway | Interface | Flags |
[   77.107645] cloud-init[678]: ci-info: +-------+-------------+---------+-----------+-------+
[   77.119271] cloud-init[678]: ci-info: |   1   |  fe80::/64  |    ::   |   enp0s3  |   U   |
[   77.136288] cloud-init[678]: ci-info: |   3   |    local    |    ::   |   enp0s3  |   U   |
[   77.142128] cloud-init[678]: ci-info: |   4   |   ff00::/8  |    ::   |   enp0s3  |   U   |
[   77.147471] cloud-init[678]: ci-info: +-------+-------------+---------+-----------+-------+
[   81.744596] cloud-init[678]: Generating public/private rsa key pair.
[   81.762017] cloud-init[678]: Your identification has been saved in /etc/ssh/ssh_host_rsa_key.
[   81.775069] cloud-init[678]: Your public key has been saved in /etc/ssh/ssh_host_rsa_key.pub.
[   81.802490] cloud-init[678]: The key fingerprint is:
[   81.817276] cloud-init[678]: SHA256:O9zJp9weTtypic/ut2S/NjgkgMczAvZ+Nqc1yr6ucxU root@ubuntu-bionic
[   81.824587] cloud-init[678]: The key's randomart image is:
[   81.846214] cloud-init[678]: +---[RSA 2048]----+
[   81.885552] cloud-init[678]: |                 |
[   81.962431] cloud-init[678]: |     o           |
[   81.965397] cloud-init[678]: |    . o o        |
[   81.970500] cloud-init[678]: |       + * E     |
[   81.976459] cloud-init[678]: |      . S + .    |
[   81.979334] cloud-init[678]: |       o B O o . |
[   81.984923] cloud-init[678]: |        B @ O *  |
[   81.991422] cloud-init[678]: |       . B O O.+ |
[   81.996814] cloud-init[678]: |       .*+==@.+o+|
[   82.001714] cloud-init[678]: +----[SHA256]-----+
[   82.006124] cloud-init[678]: Generating public/private dsa key pair.
[   82.013223] cloud-init[678]: Your identification has been saved in /etc/ssh/ssh_host_dsa_key.
[   82.019172] cloud-init[678]: Your public key has been saved in /etc/ssh/ssh_host_dsa_key.pub.
[   82.024671] cloud-init[678]: The key fingerprint is:
[   82.029484] cloud-init[678]: SHA256:Fr/um83BL60A/RroX3m0R5KGLZhDXWEfj7g2hgmeegU root@ubuntu-bionic
[   82.083483] cloud-init[678]: The key's randomart image is:
[   82.202521] cloud-init[678]: +---[DSA 1024]----+
[   82.225086] cloud-init[678]: |              +o |
[   82.228958] cloud-init[678]: |           . + oo|
[   82.240794] cloud-init[678]: |        E . o . o|
[   82.244164] cloud-init[678]: |       . O = + . |
[   82.246957] cloud-init[678]: |        S X B * .|
[   82.255160] cloud-init[678]: |       o + B * + |
[   82.257524] cloud-init[678]: |      . o + *.o .|
[   82.259714] cloud-init[678]: |       o . O.+.. |
[   82.335446] cloud-init[678]: |        .oB.+o.  |
[   82.338565] cloud-init[678]: +----[SHA256]-----+
[   82.343441] cloud-init[678]: Generating public/private ecdsa key pair.
[   82.349486] cloud-init[678]: Your identification has been saved in /etc/ssh/ssh_host_ecdsa_key.
[   82.355067] cloud-init[678]: Your public key has been saved in /etc/ssh/ssh_host_ecdsa_key.pub.
[   82.360695] cloud-init[678]: The key fingerprint is:
[   82.363735] cloud-init[678]: SHA256:nNkKHKjaV4kvmS6K4Y+7iCUYSclzBMKFJsHXg2bqAFY root@ubuntu-bionic
[   82.370421] cloud-init[678]: The key's randomart image is:
[   82.374316] cloud-init[678]: +---[ECDSA 256]---+
[   82.379167] cloud-init[678]: |=o=Eo            |
[   82.382232] cloud-init[678]: |=*o= +           |
[   82.462567] cloud-init[678]: |===.. o          |
[[0;32m  OK  [0m] Started Initial cloud-init job (metadata service crawler).
[   82.471852] cloud-init[678]: |ooo. o + +       |
[[0;32m  OK  [0m] Reached target Cloud-config availability.
[[0;32m  OK  [0m] Reached target Network is Online.
[   82.493021] cloud-init[678]: |= . . = S .      |
[   82.501723] [[0;32m  OK  [0m] Reached target Remote File Systems (Pre).
[[0;32m  OK  [0m] Reached target Remote File Systems.
cloud-init[678]: |.=   = . .       |         Starting Availability of block devices...
[[0;32m  OK  [0m] Reached target System Initialization.
[[0;32m  OK  [0m] Started Discard unused blocks once a week.

[   82.523812] cloud-init[678]: |= o = . .        |
[   82.530034] cloud-init[678]: |=+oo .           |
[   82.533869] cloud-init[678]: |=*+o.            |
[   82.537930] cloud-init[678]: +----[SHA256]-----+
[   82.541636] cloud-init[678]: Generating public/private ed25519 key pair.
[   82.547275] cloud-init[678]: Your identification has been saved in /etc/ssh/ssh_host_ed25519_key.
[   82.553551] cloud-init[678]: Your public key has been saved in /etc/ssh/ssh_host_ed25519_key.pub.
[   82.561008] cloud-init[678]: The key fingerprint is:
[   82.565153] cloud-init[678]: SHA256:SjtWb7FYVt4Px5hRHPmPyPrxFLOk1VgE/wLjbDJCE24 root@ubuntu-bionic
[   82.570745] cloud-init[678]: The key's randomart image is:
[   82.582202] cloud-init[678]: +--[ED25519 256]--+
[   82.612940] cloud-init[678]: [[0;32m  OK  [0m] Listening on UUID daemon activation socket.
[[0;32m  OK  [0m] Listening on ACPID Listen Socket.
         Starting Socket activation for snappy daemon.
|        .     .+=|
[   82.655296] [cloud-init[0;32m  OK  [0m[678]: |       . .     =.|] 
Started Daily Cleanup of Temporary Directories.
[[0;32m  OK  [0m] Started Daily apt download activities.
[   82.805374] [[0;32m  OK  [0m] Started Daily apt upgrade and clean activities.
cloud-init[[0;32m  OK  [0m] Started ACPI Events Check.
[[0;32m  OK  [0m] Reached target Paths.
         Starting LXD - unix socket.
[[0;32m  OK  [0m] Listening on D-Bus System Message Bus Socket.
[[0;32m  OK  [0m] Started Message of the Day.
[[0;32m  OK  [0m] Reached target Timers.
[[0;32m  OK  [0m] Listening on Open-iSCSI iscsid Socket.
[678]: |        E   + . +|
[   82.936198] cloud-init[678]: |       o . = + Oo|
[   82.946380] cloud-init[678]: |      . S *.=.%.*|
[   82.949075] cloud-init[678]: |     . + * *o+.O.|
[   82.953004] cloud-init[678]: |      = . +.o o .|
[   82.956969] cloud-init[678]: |     . . ..  +   |
[[0;32m  OK  [0m] Started Availability of block devices.
[[0;32m  OK  [0m] Listening on Socket activation for snappy daemon.
[[0;32m  OK  [0m] Listening on LXD - unix socket.
[[0;32m  OK  [0m] Reached target Sockets.
[[0;32m  OK  [0m] Reached target Basic System.
[   82.969670] cloud-init[678]: |           .. .  |
         Starting Accounts Service...
[   83.026655] cloud-init[678]: +----[SHA256]-----+
[[0;32m  OK  [0m] Started Regular background program processing daemon.
         Starting LSB: Record successful boot for GRUB...
[[0;32m  OK  [0m] Started irqbalance daemon.
         Starting Login Service...
         Starting Dispatcher daemon for systemd-networkd...
[[0;32m  OK  [0m] Started D-Bus System Message Bus.
[[0;32m  OK  [0m] Started Deferred execution scheduler.
[[0;32m  OK  [0m] Started FUSE filesystem for LXC.
         Starting Permit User Sessions...
         Starting LSB: automatic crash report generation...
         Starting System Logging Service...
         Starting LXD - container startup/shutdown...
         Starting Pollinate to seed the pseudo random number generator...
         Starting Virtualbox guest utils...
         Starting Snappy daemon...
[[0;32m  OK  [0m] Started Permit User Sessions.
         Starting Authorization Manager...
         Starting Hold until boot process finishes up...
         Starting Terminate Plymouth Boot Screen...
[[0;32m  OK  [0m] Started Hold until boot process finishes up.
[[0;32m  OK  [0m] Started Terminate Plymouth Boot Screen.
[[0;32m  OK  [0m] Started Serial Getty on ttyS0.
         Starting Set console scheme...
[[0;32m  OK  [0m] Started System Logging Service.
[[0;32m  OK  [0m] Started LSB: automatic crash report generation.
[[0;32m  OK  [0m] Started Set console scheme.
[[0;32m  OK  [0m] Created slice system-getty.slice.
[[0;32m  OK  [0m] Started Getty on tty1.
[[0;32m  OK  [0m] Reached target Login Prompts.
[[0;32m  OK  [0m] Started Login Service.
[[0;32m  OK  [0m] Started Unattended Upgrades Shutdown.
[[0;32m  OK  [0m] Started LSB: Record successful boot for GRUB.
[[0;32m  OK  [0m] Started Authorization Manager.
[[0;32m  OK  [0m] Started Accounts Service.
[[0;32m  OK  [0m] Started Virtualbox guest utils.

Ubuntu 18.04.3 LTS ubuntu-bionic ttyS0

ubuntu-bionic login: [  120.710696] cloud-init[1029]: Cloud-init v. 19.2-36-g059d049c-0ubuntu2~18.04.1 running 'modules:config' at Fri, 24 Jan 2020 04:13:06 +0000. Up 113.78 seconds.
ci-info: no authorized ssh keys fingerprints found for user ubuntu.
<14>Jan 24 04:13:21 ec2: 
<14>Jan 24 04:13:21 ec2: #############################################################
<14>Jan 24 04:13:21 ec2: -----BEGIN SSH HOST KEY FINGERPRINTS-----
<14>Jan 24 04:13:21 ec2: 1024 SHA256:Fr/um83BL60A/RroX3m0R5KGLZhDXWEfj7g2hgmeegU root@ubuntu-bionic (DSA)
<14>Jan 24 04:13:21 ec2: 256 SHA256:nNkKHKjaV4kvmS6K4Y+7iCUYSclzBMKFJsHXg2bqAFY root@ubuntu-bionic (ECDSA)
<14>Jan 24 04:13:21 ec2: 256 SHA256:SjtWb7FYVt4Px5hRHPmPyPrxFLOk1VgE/wLjbDJCE24 root@ubuntu-bionic (ED25519)
<14>Jan 24 04:13:21 ec2: 2048 SHA256:O9zJp9weTtypic/ut2S/NjgkgMczAvZ+Nqc1yr6ucxU root@ubuntu-bionic (RSA)
<14>Jan 24 04:13:21 ec2: -----END SSH HOST KEY FINGERPRINTS-----
<14>Jan 24 04:13:21 ec2: #############################################################
-----BEGIN SSH HOST KEY KEYS-----
ecdsa-sha2-nistp256 AAAAE2VjZHNhLXNoYTItbmlzdHAyNTYAAAAIbmlzdHAyNTYAAABBBHfOU05plC7VFlGEicZE8ev1OlOyuRO+LgpHJS+0wgamoQdBKZ9wXyq/3tl9V2CF4qLBL98lbSR0f7EJuj7Z3kA= root@ubuntu-bionic
ssh-ed25519 AAAAC3NzaC1lZDI1NTE5AAAAIGrQ3Cw270DhZzfWDIL7OCYUSLHO+5tV10qjYH5bpu8K root@ubuntu-bionic
ssh-rsa AAAAB3NzaC1yc2EAAAADAQABAAABAQDbZkoLjsYsdUaFttI9+Injsg+yr11pMCldOhZrJ0dBBMaQjKftioJKCCQGypgUB+LyXM8JsEGYGnIIUkhtAPUGJ/ng0aSikL8qjo9H35HlDBO/vpJy7jLuADmLUdpHNV9X9uCHG22KTRIEsUsPnOMkucy+QG9rY9aMRCSZI2O/aY69c7hwDqFtTTQrQ5stCZX4MxKXxMGb57v8TtKUi6OMrMGuqEki7iB2W2pPXe+8HwIFA3B4zWzyG+AFR+y+JRwhGSR4ylrwt18qn3lKfzalsPwTUpxn3LMKhSgVE0YCo/48/Tc1zVxicJaCCtgTEHdPLR0NEJhZzRlm8qTc+Dcj root@ubuntu-bionic
-----END SSH HOST KEY KEYS-----
[  129.131676] cloud-init[1159]: Cloud-init v. 19.2-36-g059d049c-0ubuntu2~18.04.1 running 'modules:final' at Fri, 24 Jan 2020 04:13:19 +0000. Up 127.35 seconds.
[  129.154590] cloud-init[1159]: ci-info: no authorized ssh keys fingerprints found for user ubuntu.
[  129.159512] cloud-init[1159]: Cloud-init v. 19.2-36-g059d049c-0ubuntu2~18.04.1 finished at Fri, 24 Jan 2020 04:13:21 +0000. Datasource DataSourceNoCloud [seed=/dev/sdb][dsmode=net].  Up 129.06 seconds
